2026-03-27 16:49:40,882 [MACD] INFO Initialised | balance=3300.00 USDT | symbols=['BTC/USDT', 'SOL/USDT']
2026-03-27 17:04:07,052 [RSI_VWAP] INFO Initialised | balance=3300.00 USDT | symbols=['BTC/USDT', 'SOL/USDT']
2026-03-27 17:04:33,515 [CVD] INFO Initialised | balance=3400.00 USDT | symbols=['BTC/USDT', 'SOL/USDT']
2026-03-27 17:58:02,688 [MACD] INFO Initialised | balance=3300.00 USDT | symbols=['BTC/USDT', 'SOL/USDT']
2026-03-27 18:09:30,086 [RSI_VWAP] INFO Initialised | balance=3300.00 USDT | symbols=['BTC/USDT', 'SOL/USDT']
2026-03-27 18:09:52,575 [CVD] INFO Initialised | balance=3400.00 USDT | symbols=['BTC/USDT', 'SOL/USDT']
2026-03-27 18:14:05,467 [MACD] INFO Initialised | balance=3300.00 USDT | symbols=['BTC/USDT', 'SOL/USDT']
2026-03-27 18:25:46,340 [RSI_VWAP] INFO Initialised | balance=3300.00 USDT | symbols=['BTC/USDT', 'SOL/USDT']
2026-03-27 18:26:33,645 [CVD] INFO Initialised | balance=3400.00 USDT | symbols=['BTC/USDT', 'SOL/USDT']
2026-03-29 17:08:48,468 [TEST] INFO Initialised | balance=3300.00 USDT | symbols=['BTC/USDT', 'SOL/USDT'] | restored=False
2026-03-29 17:08:48,471 [TEST] INFO Initialised | balance=3300.00 USDT | symbols=['BTC/USDT', 'SOL/USDT'] | restored=False
2026-03-29 17:08:48,471 [TEST] INFO OPEN LONG BTC/USDT | price=40000.0000 | size=0.008250 | notional=330.00 | commission=0.3300 USDT
2026-03-29 17:08:48,472 [TEST] INFO CLOSE BTC/USDT | entry=40000.0000 exit=40000.0000 | gross=0.0000 comm=0.3300 net=-0.3300 | reason=test
2026-03-29 17:08:48,474 [TEST] INFO Initialised | balance=3300.00 USDT | symbols=['BTC/USDT', 'SOL/USDT'] | restored=False
2026-03-29 17:08:48,474 [TEST] INFO OPEN LONG BTC/USDT | price=40000.0000 | size=0.008250 | notional=330.00 | commission=0.3300 USDT
2026-03-29 17:08:48,475 [TEST] INFO CLOSE BTC/USDT | entry=40000.0000 exit=40000.0000 | gross=0.0000 comm=0.3300 net=-0.3300 | reason=signal
2026-03-29 17:08:48,476 [TEST] INFO Initialised | balance=3300.00 USDT | symbols=['BTC/USDT', 'SOL/USDT'] | restored=False
2026-03-29 17:08:48,476 [TEST] INFO OPEN LONG BTC/USDT | price=40000.0000 | size=0.008250 | notional=330.00 | commission=0.3300 USDT
2026-03-29 17:08:48,477 [TEST] INFO CLOSE BTC/USDT | entry=40000.0000 exit=36000.0000 | gross=-33.0000 comm=0.2970 net=-33.2970 | reason=signal
2026-03-29 17:08:48,480 [TEST] INFO Initialised | balance=3300.00 USDT | symbols=['BTC/USDT', 'SOL/USDT'] | restored=False
2026-03-29 17:08:48,480 [TEST] INFO OPEN LONG BTC/USDT | price=40000.0000 | size=0.008250 | notional=330.00 | commission=0.3300 USDT
2026-03-29 17:08:48,481 [TEST] INFO CLOSE BTC/USDT | entry=40000.0000 exit=42000.0000 | gross=16.5000 comm=0.3465 net=16.1535 | reason=signal
2026-03-29 17:08:48,482 [TEST] INFO Initialised | balance=3300.00 USDT | symbols=['BTC/USDT', 'SOL/USDT'] | restored=False
2026-03-29 17:08:48,482 [TEST] INFO OPEN LONG BTC/USDT | price=40000.0000 | size=0.008250 | notional=330.00 | commission=0.3300 USDT
2026-03-29 17:08:48,483 [TEST] INFO Initialised | balance=3300.00 USDT | symbols=['BTC/USDT', 'SOL/USDT'] | restored=False
2026-03-29 17:08:48,484 [TEST] INFO OPEN LONG BTC/USDT | price=40000.0000 | size=0.008250 | notional=330.00 | commission=0.3300 USDT
2026-03-29 17:08:48,486 [TEST] INFO Initialised | balance=3300.00 USDT | symbols=['BTC/USDT', 'SOL/USDT'] | restored=False
2026-03-29 17:08:48,486 [TEST] INFO OPEN LONG BTC/USDT | price=40000.0000 | size=0.008250 | notional=330.00 | commission=0.3300 USDT
2026-03-29 17:08:48,487 [TEST] DEBUG Already in a position for BTC/USDT — skipping.
2026-03-29 17:08:48,488 [TEST] INFO Initialised | balance=3300.00 USDT | symbols=['BTC/USDT', 'SOL/USDT'] | restored=False
2026-03-29 17:08:48,488 [TEST] INFO OPEN LONG BTC/USDT | price=40000.0000 | size=0.008250 | notional=330.00 | commission=0.3300 USDT
2026-03-29 17:08:48,489 [TEST] INFO CLOSE BTC/USDT | entry=40000.0000 exit=44000.0000 | gross=33.0000 comm=0.3630 net=32.6370 | reason=signal
2026-03-29 17:08:48,490 [TEST] INFO Initialised | balance=3300.00 USDT | symbols=['BTC/USDT', 'SOL/USDT'] | restored=False
2026-03-29 17:08:48,491 [TEST] INFO Initialised | balance=3300.00 USDT | symbols=['BTC/USDT', 'SOL/USDT'] | restored=False
2026-03-29 17:08:48,492 [TEST] WARNING Daily loss limit hit (6.00%) — bot paused for today.
2026-03-29 17:08:48,493 [TEST] INFO Initialised | balance=3300.00 USDT | symbols=['BTC/USDT', 'SOL/USDT'] | restored=False
2026-03-29 17:08:48,493 [TEST] WARNING Daily loss limit hit (10.00%) — bot paused for today.
2026-03-29 17:08:48,493 [TEST] INFO New trading day — daily counters reset.
2026-03-29 17:08:48,494 [TEST] INFO Initialised | balance=3300.00 USDT | symbols=['BTC/USDT', 'SOL/USDT'] | restored=False
2026-03-29 17:08:48,494 [TEST] INFO OPEN LONG COIN0/USDT | price=40000.0000 | size=0.008250 | notional=330.00 | commission=0.3300 USDT
2026-03-29 17:08:48,494 [TEST] INFO OPEN LONG COIN1/USDT | price=40000.0000 | size=0.008249 | notional=329.97 | commission=0.3300 USDT
2026-03-29 17:08:48,495 [TEST] INFO OPEN LONG COIN2/USDT | price=40000.0000 | size=0.008248 | notional=329.93 | commission=0.3299 USDT
2026-03-29 17:08:48,495 [TEST] INFO OPEN LONG COIN3/USDT | price=40000.0000 | size=0.008248 | notional=329.90 | commission=0.3299 USDT
2026-03-29 17:08:48,496 [TEST] INFO OPEN LONG COIN4/USDT | price=40000.0000 | size=0.008247 | notional=329.87 | commission=0.3299 USDT
2026-03-29 17:08:48,497 [TEST] INFO Daily trade limit (5) reached — skipping COIN5/USDT.
2026-03-29 17:08:48,497 [TEST] INFO Daily trade limit (5) reached — skipping COIN6/USDT.
2026-03-29 17:08:48,498 [TEST] INFO Initialised | balance=3300.00 USDT | symbols=['BTC/USDT', 'SOL/USDT'] | restored=False
2026-03-29 17:08:48,498 [TEST] INFO OPEN LONG BTC/USDT | price=40000.0000 | size=0.008250 | notional=330.00 | commission=0.3300 USDT
2026-03-29 17:08:48,499 [TEST] INFO Initialised | balance=3300.00 USDT | symbols=['BTC/USDT', 'SOL/USDT'] | restored=False
2026-03-29 17:08:48,499 [TEST] INFO OPEN LONG BTC/USDT | price=40000.0000 | size=0.008250 | notional=330.00 | commission=0.3300 USDT
2026-03-29 17:08:48,501 [TEST] INFO Initialised | balance=3300.00 USDT | symbols=['BTC/USDT', 'SOL/USDT'] | restored=False
2026-03-29 17:08:48,502 [TEST] INFO OPEN LONG BTC/USDT | price=40000.0000 | size=0.008250 | notional=330.00 | commission=0.3300 USDT
2026-03-29 17:08:48,503 [TEST] INFO CLOSE BTC/USDT | entry=40000.0000 exit=39360.0000 | gross=-5.2800 comm=0.3247 net=-5.6047 | reason=stop_loss
2026-03-29 17:08:48,504 [TEST] INFO Initialised | balance=3300.00 USDT | symbols=['BTC/USDT', 'SOL/USDT'] | restored=False
2026-03-29 17:08:48,504 [TEST] INFO OPEN LONG BTC/USDT | price=40000.0000 | size=0.008250 | notional=330.00 | commission=0.3300 USDT
2026-03-29 17:08:48,505 [TEST] INFO CLOSE BTC/USDT | entry=40000.0000 exit=41240.0000 | gross=10.2300 comm=0.3402 net=9.8898 | reason=take_profit
2026-03-29 17:08:48,507 [TEST] INFO Initialised | balance=3300.00 USDT | symbols=['BTC/USDT', 'SOL/USDT'] | restored=False
2026-03-29 17:08:48,507 [TEST] INFO OPEN LONG COIN0/USDT | price=100.0000 | size=100.000000 | notional=10000.00 | commission=10.0000 USDT
2026-03-29 17:08:48,508 [TEST] INFO OPEN LONG COIN1/USDT | price=100.0000 | size=99.990000 | notional=9999.00 | commission=9.9990 USDT
2026-03-29 17:08:48,508 [TEST] INFO OPEN LONG COIN2/USDT | price=100.0000 | size=99.980001 | notional=9998.00 | commission=9.9980 USDT
2026-03-29 17:08:48,508 [TEST] INFO OPEN LONG COIN3/USDT | price=100.0000 | size=99.960003 | notional=9996.00 | commission=9.9960 USDT
2026-03-29 17:08:48,508 [TEST] INFO OPEN LONG COIN4/USDT | price=100.0000 | size=99.950007 | notional=9995.00 | commission=9.9950 USDT
2026-03-29 17:08:48,509 [TEST] INFO Daily trade limit (5) reached — skipping COIN5/USDT.
2026-03-29 17:08:48,510 [TEST] INFO Daily trade limit (5) reached — skipping COIN6/USDT.
2026-03-29 17:08:48,510 [TEST] INFO Daily trade limit (5) reached — skipping COIN7/USDT.
2026-03-29 17:08:48,510 [TEST] INFO CLOSE COIN0/USDT | entry=100.0000 exit=100.0000 | gross=0.0000 comm=10.0000 net=-10.0000 | reason=signal
2026-03-29 17:08:48,511 [TEST] INFO Daily trade limit (5) reached — skipping COIN8/USDT.
2026-03-29 17:08:48,511 [TEST] INFO Daily trade limit (5) reached — skipping COIN9/USDT.
2026-03-29 17:08:48,511 [TEST] INFO Daily trade limit (5) reached — skipping COIN10/USDT.
2026-03-29 17:08:48,512 [TEST] INFO CLOSE COIN1/USDT | entry=100.0000 exit=100.0000 | gross=0.0000 comm=9.9990 net=-9.9990 | reason=signal
2026-03-29 17:08:48,512 [TEST] INFO Daily trade limit (5) reached — skipping COIN11/USDT.
2026-03-29 17:08:48,512 [TEST] INFO Daily trade limit (5) reached — skipping COIN12/USDT.
2026-03-29 17:08:48,512 [TEST] INFO CLOSE COIN2/USDT | entry=100.0000 exit=100.0000 | gross=0.0000 comm=9.9980 net=-9.9980 | reason=signal
2026-03-29 17:08:48,512 [TEST] INFO Daily trade limit (5) reached — skipping COIN13/USDT.
2026-03-29 17:08:48,513 [TEST] INFO Daily trade limit (5) reached — skipping COIN16/USDT.
2026-03-29 17:08:48,513 [TEST] INFO Daily trade limit (5) reached — skipping COIN15/USDT.
2026-03-29 17:08:48,513 [TEST] INFO CLOSE COIN4/USDT | entry=100.0000 exit=100.0000 | gross=0.0000 comm=9.9950 net=-9.9950 | reason=signal
2026-03-29 17:08:48,513 [TEST] INFO Daily trade limit (5) reached — skipping COIN17/USDT.
2026-03-29 17:08:48,514 [TEST] INFO Daily trade limit (5) reached — skipping COIN14/USDT.
2026-03-29 17:08:48,514 [TEST] INFO Daily trade limit (5) reached — skipping COIN19/USDT.
2026-03-29 17:08:48,514 [TEST] INFO Daily trade limit (5) reached — skipping COIN18/USDT.
2026-03-29 17:08:48,514 [TEST] INFO CLOSE COIN3/USDT | entry=100.0000 exit=100.0000 | gross=0.0000 comm=9.9960 net=-9.9960 | reason=signal
2026-03-29 17:09:51,349 [TEST] INFO Initialised | balance=3300.00 USDT | symbols=['BTC/USDT', 'SOL/USDT'] | restored=False
2026-03-29 17:09:51,351 [TEST] INFO Initialised | balance=3300.00 USDT | symbols=['BTC/USDT', 'SOL/USDT'] | restored=False
2026-03-29 17:09:51,351 [TEST] INFO OPEN LONG BTC/USDT | price=40000.0000 | size=0.008250 | notional=330.00 | commission=0.3300 USDT
2026-03-29 17:09:51,366 [TEST] INFO CLOSE BTC/USDT | entry=40000.0000 exit=40000.0000 | gross=0.0000 comm=0.3300 net=-0.3300 | reason=test
2026-03-29 17:09:51,368 [TEST] INFO Initialised | balance=3300.00 USDT | symbols=['BTC/USDT', 'SOL/USDT'] | restored=False
2026-03-29 17:09:51,368 [TEST] INFO OPEN LONG BTC/USDT | price=40000.0000 | size=0.008250 | notional=330.00 | commission=0.3300 USDT
2026-03-29 17:09:51,370 [TEST] INFO CLOSE BTC/USDT | entry=40000.0000 exit=40000.0000 | gross=0.0000 comm=0.3300 net=-0.3300 | reason=signal
2026-03-29 17:09:51,371 [TEST] INFO Initialised | balance=3300.00 USDT | symbols=['BTC/USDT', 'SOL/USDT'] | restored=False
2026-03-29 17:09:51,371 [TEST] INFO OPEN LONG BTC/USDT | price=40000.0000 | size=0.008250 | notional=330.00 | commission=0.3300 USDT
2026-03-29 17:09:51,373 [TEST] INFO CLOSE BTC/USDT | entry=40000.0000 exit=36000.0000 | gross=-33.0000 comm=0.2970 net=-33.2970 | reason=signal
2026-03-29 17:09:51,374 [TEST] INFO Initialised | balance=3300.00 USDT | symbols=['BTC/USDT', 'SOL/USDT'] | restored=False
2026-03-29 17:09:51,374 [TEST] INFO OPEN LONG BTC/USDT | price=40000.0000 | size=0.008250 | notional=330.00 | commission=0.3300 USDT
2026-03-29 17:09:51,375 [TEST] INFO CLOSE BTC/USDT | entry=40000.0000 exit=42000.0000 | gross=16.5000 comm=0.3465 net=16.1535 | reason=signal
2026-03-29 17:09:51,376 [TEST] INFO Initialised | balance=3300.00 USDT | symbols=['BTC/USDT', 'SOL/USDT'] | restored=False
2026-03-29 17:09:51,377 [TEST] INFO OPEN LONG BTC/USDT | price=40000.0000 | size=0.008250 | notional=330.00 | commission=0.3300 USDT
2026-03-29 17:09:51,378 [TEST] INFO Initialised | balance=3300.00 USDT | symbols=['BTC/USDT', 'SOL/USDT'] | restored=False
2026-03-29 17:09:51,378 [TEST] INFO OPEN LONG BTC/USDT | price=40000.0000 | size=0.008250 | notional=330.00 | commission=0.3300 USDT
2026-03-29 17:09:51,380 [TEST] INFO Initialised | balance=3300.00 USDT | symbols=['BTC/USDT', 'SOL/USDT'] | restored=False
2026-03-29 17:09:51,380 [TEST] INFO OPEN LONG BTC/USDT | price=40000.0000 | size=0.008250 | notional=330.00 | commission=0.3300 USDT
2026-03-29 17:09:51,380 [TEST] DEBUG Already in a position for BTC/USDT — skipping.
2026-03-29 17:09:51,383 [TEST] INFO Initialised | balance=3300.00 USDT | symbols=['BTC/USDT', 'SOL/USDT'] | restored=False
2026-03-29 17:09:51,383 [TEST] INFO OPEN LONG BTC/USDT | price=40000.0000 | size=0.008250 | notional=330.00 | commission=0.3300 USDT
2026-03-29 17:09:51,385 [TEST] INFO CLOSE BTC/USDT | entry=40000.0000 exit=44000.0000 | gross=33.0000 comm=0.3630 net=32.6370 | reason=signal
2026-03-29 17:09:51,386 [TEST] INFO Initialised | balance=3300.00 USDT | symbols=['BTC/USDT', 'SOL/USDT'] | restored=False
2026-03-29 17:09:51,387 [TEST] INFO Initialised | balance=3300.00 USDT | symbols=['BTC/USDT', 'SOL/USDT'] | restored=False
2026-03-29 17:09:51,387 [TEST] WARNING Daily loss limit hit (6.00%) — bot paused for today.
2026-03-29 17:09:51,388 [TEST] INFO Initialised | balance=3300.00 USDT | symbols=['BTC/USDT', 'SOL/USDT'] | restored=False
2026-03-29 17:09:51,388 [TEST] WARNING Daily loss limit hit (10.00%) — bot paused for today.
2026-03-29 17:09:51,388 [TEST] INFO New trading day — daily counters reset.
2026-03-29 17:09:51,389 [TEST] INFO Initialised | balance=3300.00 USDT | symbols=['BTC/USDT', 'SOL/USDT'] | restored=False
2026-03-29 17:09:51,390 [TEST] INFO OPEN LONG COIN0/USDT | price=40000.0000 | size=0.008250 | notional=330.00 | commission=0.3300 USDT
2026-03-29 17:09:51,390 [TEST] INFO OPEN LONG COIN1/USDT | price=40000.0000 | size=0.008249 | notional=329.97 | commission=0.3300 USDT
2026-03-29 17:09:51,391 [TEST] INFO OPEN LONG COIN2/USDT | price=40000.0000 | size=0.008248 | notional=329.93 | commission=0.3299 USDT
2026-03-29 17:09:51,391 [TEST] INFO OPEN LONG COIN3/USDT | price=40000.0000 | size=0.008248 | notional=329.90 | commission=0.3299 USDT
2026-03-29 17:09:51,393 [TEST] INFO OPEN LONG COIN4/USDT | price=40000.0000 | size=0.008247 | notional=329.87 | commission=0.3299 USDT
2026-03-29 17:09:51,393 [TEST] INFO Daily trade limit (5) reached — skipping COIN5/USDT.
2026-03-29 17:09:51,393 [TEST] INFO Daily trade limit (5) reached — skipping COIN6/USDT.
2026-03-29 17:09:51,396 [TEST] INFO Initialised | balance=3300.00 USDT | symbols=['BTC/USDT', 'SOL/USDT'] | restored=False
2026-03-29 17:09:51,396 [TEST] INFO OPEN LONG BTC/USDT | price=40000.0000 | size=0.008250 | notional=330.00 | commission=0.3300 USDT
2026-03-29 17:09:51,399 [TEST] INFO Initialised | balance=3300.00 USDT | symbols=['BTC/USDT', 'SOL/USDT'] | restored=False
2026-03-29 17:09:51,399 [TEST] INFO OPEN LONG BTC/USDT | price=40000.0000 | size=0.008250 | notional=330.00 | commission=0.3300 USDT
2026-03-29 17:09:51,401 [TEST] INFO Initialised | balance=3300.00 USDT | symbols=['BTC/USDT', 'SOL/USDT'] | restored=False
2026-03-29 17:09:51,401 [TEST] INFO OPEN LONG BTC/USDT | price=40000.0000 | size=0.008250 | notional=330.00 | commission=0.3300 USDT
2026-03-29 17:09:51,402 [TEST] INFO CLOSE BTC/USDT | entry=40000.0000 exit=39360.0000 | gross=-5.2800 comm=0.3247 net=-5.6047 | reason=stop_loss
2026-03-29 17:09:51,404 [TEST] INFO Initialised | balance=3300.00 USDT | symbols=['BTC/USDT', 'SOL/USDT'] | restored=False
2026-03-29 17:09:51,404 [TEST] INFO OPEN LONG BTC/USDT | price=40000.0000 | size=0.008250 | notional=330.00 | commission=0.3300 USDT
2026-03-29 17:09:51,405 [TEST] INFO CLOSE BTC/USDT | entry=40000.0000 exit=41240.0000 | gross=10.2300 comm=0.3402 net=9.8898 | reason=take_profit
2026-03-29 17:09:51,406 [TEST] INFO Initialised | balance=3300.00 USDT | symbols=['BTC/USDT', 'SOL/USDT'] | restored=False
2026-03-29 17:09:51,407 [TEST] INFO OPEN LONG COIN0/USDT | price=100.0000 | size=100.000000 | notional=10000.00 | commission=10.0000 USDT
2026-03-29 17:09:51,407 [TEST] INFO OPEN LONG COIN1/USDT | price=100.0000 | size=99.990000 | notional=9999.00 | commission=9.9990 USDT
2026-03-29 17:09:51,407 [TEST] INFO OPEN LONG COIN2/USDT | price=100.0000 | size=99.980001 | notional=9998.00 | commission=9.9980 USDT
2026-03-29 17:09:51,408 [TEST] INFO OPEN LONG COIN3/USDT | price=100.0000 | size=99.970003 | notional=9997.00 | commission=9.9970 USDT
2026-03-29 17:09:51,408 [TEST] INFO OPEN LONG COIN4/USDT | price=100.0000 | size=99.960006 | notional=9996.00 | commission=9.9960 USDT
2026-03-29 17:09:51,409 [TEST] INFO Daily trade limit (5) reached — skipping COIN5/USDT.
2026-03-29 17:09:51,409 [TEST] INFO Daily trade limit (5) reached — skipping COIN6/USDT.
2026-03-29 17:09:51,410 [TEST] INFO Daily trade limit (5) reached — skipping COIN7/USDT.
2026-03-29 17:09:51,410 [TEST] INFO Daily trade limit (5) reached — skipping COIN8/USDT.
2026-03-29 17:09:51,411 [TEST] INFO Daily trade limit (5) reached — skipping COIN9/USDT.
2026-03-29 17:09:51,411 [TEST] INFO Daily trade limit (5) reached — skipping COIN10/USDT.
2026-03-29 17:09:51,411 [TEST] INFO Daily trade limit (5) reached — skipping COIN12/USDT.
2026-03-29 17:09:51,412 [TEST] INFO Daily trade limit (5) reached — skipping COIN14/USDT.
2026-03-29 17:09:51,412 [TEST] INFO CLOSE COIN0/USDT | entry=100.0000 exit=100.0000 | gross=0.0000 comm=10.0000 net=-10.0000 | reason=signal
2026-03-29 17:09:51,413 [TEST] INFO Daily trade limit (5) reached — skipping COIN11/USDT.
2026-03-29 17:09:51,413 [TEST] INFO CLOSE COIN3/USDT | entry=100.0000 exit=100.0000 | gross=0.0000 comm=9.9970 net=-9.9970 | reason=signal
2026-03-29 17:09:51,414 [TEST] INFO Daily trade limit (5) reached — skipping COIN13/USDT.
2026-03-29 17:09:51,414 [TEST] INFO CLOSE COIN1/USDT | entry=100.0000 exit=100.0000 | gross=0.0000 comm=9.9990 net=-9.9990 | reason=signal
2026-03-29 17:09:51,414 [TEST] INFO Daily trade limit (5) reached — skipping COIN16/USDT.
2026-03-29 17:09:51,415 [TEST] INFO CLOSE COIN2/USDT | entry=100.0000 exit=100.0000 | gross=0.0000 comm=9.9980 net=-9.9980 | reason=signal
2026-03-29 17:09:51,415 [TEST] INFO Daily trade limit (5) reached — skipping COIN17/USDT.
2026-03-29 17:09:51,415 [TEST] INFO Daily trade limit (5) reached — skipping COIN15/USDT.
2026-03-29 17:09:51,415 [TEST] INFO Daily trade limit (5) reached — skipping COIN18/USDT.
2026-03-29 17:09:51,415 [TEST] INFO CLOSE COIN4/USDT | entry=100.0000 exit=100.0000 | gross=0.0000 comm=9.9960 net=-9.9960 | reason=signal
2026-03-29 17:09:51,416 [TEST] INFO Daily trade limit (5) reached — skipping COIN19/USDT.
2026-03-29 17:13:34,445 [TEST] INFO Initialised | balance=3300.00 USDT | symbols=['BTC/USDT', 'SOL/USDT'] | restored=False
2026-03-29 17:13:34,446 [TEST] INFO Initialised | balance=3300.00 USDT | symbols=['BTC/USDT', 'SOL/USDT'] | restored=False
2026-03-29 17:13:34,446 [TEST] INFO OPEN LONG BTC/USDT | price=40000.0000 | size=0.008250 | notional=330.00 | commission=0.3300 USDT
2026-03-29 17:13:34,448 [TEST] INFO CLOSE BTC/USDT | entry=40000.0000 exit=40000.0000 | gross=0.0000 comm=0.3300 net=-0.3300 | reason=test
2026-03-29 17:13:34,449 [TEST] INFO Initialised | balance=3300.00 USDT | symbols=['BTC/USDT', 'SOL/USDT'] | restored=False
2026-03-29 17:13:34,449 [TEST] INFO OPEN LONG BTC/USDT | price=40000.0000 | size=0.008250 | notional=330.00 | commission=0.3300 USDT
2026-03-29 17:13:34,450 [TEST] INFO CLOSE BTC/USDT | entry=40000.0000 exit=40000.0000 | gross=0.0000 comm=0.3300 net=-0.3300 | reason=signal
2026-03-29 17:13:34,451 [TEST] INFO Initialised | balance=3300.00 USDT | symbols=['BTC/USDT', 'SOL/USDT'] | restored=False
2026-03-29 17:13:34,451 [TEST] INFO OPEN LONG BTC/USDT | price=40000.0000 | size=0.008250 | notional=330.00 | commission=0.3300 USDT
2026-03-29 17:13:34,452 [TEST] INFO CLOSE BTC/USDT | entry=40000.0000 exit=36000.0000 | gross=-33.0000 comm=0.2970 net=-33.2970 | reason=signal
2026-03-29 17:13:34,454 [TEST] INFO Initialised | balance=3300.00 USDT | symbols=['BTC/USDT', 'SOL/USDT'] | restored=False
2026-03-29 17:13:34,454 [TEST] INFO OPEN LONG BTC/USDT | price=40000.0000 | size=0.008250 | notional=330.00 | commission=0.3300 USDT
2026-03-29 17:13:34,455 [TEST] INFO CLOSE BTC/USDT | entry=40000.0000 exit=42000.0000 | gross=16.5000 comm=0.3465 net=16.1535 | reason=signal
2026-03-29 17:13:34,456 [TEST] INFO Initialised | balance=3300.00 USDT | symbols=['BTC/USDT', 'SOL/USDT'] | restored=False
2026-03-29 17:13:34,456 [TEST] INFO OPEN LONG BTC/USDT | price=40000.0000 | size=0.008250 | notional=330.00 | commission=0.3300 USDT
2026-03-29 17:13:34,458 [TEST] INFO Initialised | balance=3300.00 USDT | symbols=['BTC/USDT', 'SOL/USDT'] | restored=False
2026-03-29 17:13:34,458 [TEST] INFO OPEN LONG BTC/USDT | price=40000.0000 | size=0.008250 | notional=330.00 | commission=0.3300 USDT
2026-03-29 17:13:34,459 [TEST] INFO Initialised | balance=3300.00 USDT | symbols=['BTC/USDT', 'SOL/USDT'] | restored=False
2026-03-29 17:13:34,460 [TEST] INFO OPEN LONG BTC/USDT | price=40000.0000 | size=0.008250 | notional=330.00 | commission=0.3300 USDT
2026-03-29 17:13:34,460 [TEST] DEBUG Already in a position for BTC/USDT — skipping.
2026-03-29 17:13:34,462 [TEST] INFO Initialised | balance=3300.00 USDT | symbols=['BTC/USDT', 'SOL/USDT'] | restored=False
2026-03-29 17:13:34,462 [TEST] INFO OPEN LONG BTC/USDT | price=40000.0000 | size=0.008250 | notional=330.00 | commission=0.3300 USDT
2026-03-29 17:13:34,463 [TEST] INFO CLOSE BTC/USDT | entry=40000.0000 exit=44000.0000 | gross=33.0000 comm=0.3630 net=32.6370 | reason=signal
2026-03-29 17:13:34,464 [TEST] INFO Initialised | balance=3300.00 USDT | symbols=['BTC/USDT', 'SOL/USDT'] | restored=False
2026-03-29 17:13:34,467 [TEST] INFO Initialised | balance=3300.00 USDT | symbols=['BTC/USDT', 'SOL/USDT'] | restored=False
2026-03-29 17:13:34,467 [TEST] WARNING Daily loss limit hit (6.00%) — bot paused for today.
2026-03-29 17:13:34,468 [TEST] INFO Initialised | balance=3300.00 USDT | symbols=['BTC/USDT', 'SOL/USDT'] | restored=False
2026-03-29 17:13:34,468 [TEST] WARNING Daily loss limit hit (10.00%) — bot paused for today.
2026-03-29 17:13:34,468 [TEST] INFO New trading day — daily counters reset.
2026-03-29 17:13:34,469 [TEST] INFO Initialised | balance=3300.00 USDT | symbols=['BTC/USDT', 'SOL/USDT'] | restored=False
2026-03-29 17:13:34,469 [TEST] INFO OPEN LONG COIN0/USDT | price=40000.0000 | size=0.008250 | notional=330.00 | commission=0.3300 USDT
2026-03-29 17:13:34,470 [TEST] INFO OPEN LONG COIN1/USDT | price=40000.0000 | size=0.008249 | notional=329.97 | commission=0.3300 USDT
2026-03-29 17:13:34,471 [TEST] INFO OPEN LONG COIN2/USDT | price=40000.0000 | size=0.008248 | notional=329.93 | commission=0.3299 USDT
2026-03-29 17:13:34,472 [TEST] INFO OPEN LONG COIN3/USDT | price=40000.0000 | size=0.008248 | notional=329.90 | commission=0.3299 USDT
2026-03-29 17:13:34,473 [TEST] INFO OPEN LONG COIN4/USDT | price=40000.0000 | size=0.008247 | notional=329.87 | commission=0.3299 USDT
2026-03-29 17:13:34,473 [TEST] INFO Daily trade limit (5) reached — skipping COIN5/USDT.
2026-03-29 17:13:34,473 [TEST] INFO Daily trade limit (5) reached — skipping COIN6/USDT.
2026-03-29 17:13:34,475 [TEST] INFO Initialised | balance=3300.00 USDT | symbols=['BTC/USDT', 'SOL/USDT'] | restored=False
2026-03-29 17:13:34,475 [TEST] INFO OPEN LONG BTC/USDT | price=40000.0000 | size=0.008250 | notional=330.00 | commission=0.3300 USDT
2026-03-29 17:13:34,477 [TEST] INFO Initialised | balance=3300.00 USDT | symbols=['BTC/USDT', 'SOL/USDT'] | restored=False
2026-03-29 17:13:34,477 [TEST] INFO OPEN LONG BTC/USDT | price=40000.0000 | size=0.008250 | notional=330.00 | commission=0.3300 USDT
2026-03-29 17:13:34,478 [TEST] INFO Initialised | balance=3300.00 USDT | symbols=['BTC/USDT', 'SOL/USDT'] | restored=False
2026-03-29 17:13:34,479 [TEST] INFO OPEN LONG BTC/USDT | price=40000.0000 | size=0.008250 | notional=330.00 | commission=0.3300 USDT
2026-03-29 17:13:34,480 [TEST] INFO CLOSE BTC/USDT | entry=40000.0000 exit=39360.0000 | gross=-5.2800 comm=0.3247 net=-5.6047 | reason=stop_loss
2026-03-29 17:13:34,481 [TEST] INFO Initialised | balance=3300.00 USDT | symbols=['BTC/USDT', 'SOL/USDT'] | restored=False
2026-03-29 17:13:34,481 [TEST] INFO OPEN LONG BTC/USDT | price=40000.0000 | size=0.008250 | notional=330.00 | commission=0.3300 USDT
2026-03-29 17:13:34,482 [TEST] INFO CLOSE BTC/USDT | entry=40000.0000 exit=41240.0000 | gross=10.2300 comm=0.3402 net=9.8898 | reason=take_profit
2026-03-29 17:13:34,483 [TEST] INFO Initialised | balance=3300.00 USDT | symbols=['BTC/USDT', 'SOL/USDT'] | restored=False
2026-03-29 17:13:34,484 [TEST] INFO OPEN LONG COIN0/USDT | price=100.0000 | size=100.000000 | notional=10000.00 | commission=10.0000 USDT
2026-03-29 17:13:34,484 [TEST] INFO OPEN LONG COIN1/USDT | price=100.0000 | size=99.990000 | notional=9999.00 | commission=9.9990 USDT
2026-03-29 17:13:34,484 [TEST] INFO OPEN LONG COIN2/USDT | price=100.0000 | size=99.980001 | notional=9998.00 | commission=9.9980 USDT
2026-03-29 17:13:34,485 [TEST] INFO OPEN LONG COIN3/USDT | price=100.0000 | size=99.970003 | notional=9997.00 | commission=9.9970 USDT
2026-03-29 17:13:34,485 [TEST] INFO OPEN LONG COIN4/USDT | price=100.0000 | size=99.950006 | notional=9995.00 | commission=9.9950 USDT
2026-03-29 17:13:34,486 [TEST] INFO Daily trade limit (5) reached — skipping COIN5/USDT.
2026-03-29 17:13:34,486 [TEST] INFO Daily trade limit (5) reached — skipping COIN6/USDT.
2026-03-29 17:13:34,487 [TEST] INFO Daily trade limit (5) reached — skipping COIN8/USDT.
2026-03-29 17:13:34,487 [TEST] INFO Daily trade limit (5) reached — skipping COIN9/USDT.
2026-03-29 17:13:34,488 [TEST] INFO Daily trade limit (5) reached — skipping COIN7/USDT.
2026-03-29 17:13:34,488 [TEST] INFO Daily trade limit (5) reached — skipping COIN10/USDT.
2026-03-29 17:13:34,488 [TEST] INFO Daily trade limit (5) reached — skipping COIN11/USDT.
2026-03-29 17:13:34,489 [TEST] INFO Daily trade limit (5) reached — skipping COIN12/USDT.
2026-03-29 17:13:34,489 [TEST] INFO Daily trade limit (5) reached — skipping COIN13/USDT.
2026-03-29 17:13:34,489 [TEST] INFO CLOSE COIN0/USDT | entry=100.0000 exit=100.0000 | gross=0.0000 comm=10.0000 net=-10.0000 | reason=signal
2026-03-29 17:13:34,490 [TEST] INFO Daily trade limit (5) reached — skipping COIN16/USDT.
2026-03-29 17:13:34,490 [TEST] INFO CLOSE COIN1/USDT | entry=100.0000 exit=100.0000 | gross=0.0000 comm=9.9990 net=-9.9990 | reason=signal
2026-03-29 17:13:34,490 [TEST] INFO Daily trade limit (5) reached — skipping COIN15/USDT.
2026-03-29 17:13:34,491 [TEST] INFO Daily trade limit (5) reached — skipping COIN14/USDT.
2026-03-29 17:13:34,491 [TEST] INFO CLOSE COIN3/USDT | entry=100.0000 exit=100.0000 | gross=0.0000 comm=9.9970 net=-9.9970 | reason=signal
2026-03-29 17:13:34,492 [TEST] INFO Daily trade limit (5) reached — skipping COIN17/USDT.
2026-03-29 17:13:34,492 [TEST] INFO Daily trade limit (5) reached — skipping COIN18/USDT.
2026-03-29 17:13:34,492 [TEST] INFO Daily trade limit (5) reached — skipping COIN19/USDT.
2026-03-29 17:13:34,492 [TEST] INFO CLOSE COIN2/USDT | entry=100.0000 exit=100.0000 | gross=0.0000 comm=9.9980 net=-9.9980 | reason=signal
2026-03-29 17:13:34,493 [TEST] INFO CLOSE COIN4/USDT | entry=100.0000 exit=100.0000 | gross=0.0000 comm=9.9950 net=-9.9950 | reason=signal
2026-03-29 17:19:06,731 [MACD] INFO Initialised | balance=3300.00 USDT | symbols=['BTC/USDT', 'SOL/USDT'] | restored=False
2026-03-29 17:24:18,866 [MACD] INFO Initialised | balance=3300.00 USDT | symbols=['BTC/USDT', 'SOL/USDT'] | restored=False
2026-03-29 17:30:44,660 [MACD] INFO Initialised | balance=3300.00 USDT | symbols=['BTC/USDT', 'SOL/USDT'] | restored=False
2026-03-29 17:30:48,615 [MACD] INFO Initialised | balance=3300.00 USDT | symbols=['BTC/USDT', 'SOL/USDT'] | restored=False
2026-03-29 17:53:43,162 [TEST] INFO Initialised | balance=3300.00 USDT | symbols=['BTC/USDT', 'SOL/USDT'] | restored=False
2026-03-29 17:53:43,163 [TEST] INFO Initialised | balance=3300.00 USDT | symbols=['BTC/USDT', 'SOL/USDT'] | restored=False
2026-03-29 17:53:43,163 [TEST] INFO OPEN LONG BTC/USDT | price=40000.0000 | size=0.008250 | notional=330.00 | commission=0.3300 USDT
2026-03-29 17:53:43,165 [TEST] INFO CLOSE BTC/USDT | entry=40000.0000 exit=40000.0000 | gross=0.0000 comm=0.3300 net=-0.3300 | reason=test
2026-03-29 17:53:43,166 [TEST] INFO Initialised | balance=3300.00 USDT | symbols=['BTC/USDT', 'SOL/USDT'] | restored=False
2026-03-29 17:53:43,166 [TEST] INFO OPEN LONG BTC/USDT | price=40000.0000 | size=0.008250 | notional=330.00 | commission=0.3300 USDT
2026-03-29 17:53:43,168 [TEST] INFO CLOSE BTC/USDT | entry=40000.0000 exit=40000.0000 | gross=0.0000 comm=0.3300 net=-0.3300 | reason=signal
2026-03-29 17:53:43,169 [TEST] INFO Initialised | balance=3300.00 USDT | symbols=['BTC/USDT', 'SOL/USDT'] | restored=False
2026-03-29 17:53:43,169 [TEST] INFO OPEN LONG BTC/USDT | price=40000.0000 | size=0.008250 | notional=330.00 | commission=0.3300 USDT
2026-03-29 17:53:43,170 [TEST] INFO CLOSE BTC/USDT | entry=40000.0000 exit=36000.0000 | gross=-33.0000 comm=0.2970 net=-33.2970 | reason=signal
2026-03-29 17:53:43,171 [TEST] INFO Initialised | balance=3300.00 USDT | symbols=['BTC/USDT', 'SOL/USDT'] | restored=False
2026-03-29 17:53:43,172 [TEST] INFO OPEN LONG BTC/USDT | price=40000.0000 | size=0.008250 | notional=330.00 | commission=0.3300 USDT
2026-03-29 17:53:43,173 [TEST] INFO CLOSE BTC/USDT | entry=40000.0000 exit=42000.0000 | gross=16.5000 comm=0.3465 net=16.1535 | reason=signal
2026-03-29 17:53:43,174 [TEST] INFO Initialised | balance=3300.00 USDT | symbols=['BTC/USDT', 'SOL/USDT'] | restored=False
2026-03-29 17:53:43,174 [TEST] INFO OPEN LONG BTC/USDT | price=40000.0000 | size=0.008250 | notional=330.00 | commission=0.3300 USDT
2026-03-29 17:53:43,176 [TEST] INFO Initialised | balance=3300.00 USDT | symbols=['BTC/USDT', 'SOL/USDT'] | restored=False
2026-03-29 17:53:43,176 [TEST] INFO OPEN LONG BTC/USDT | price=40000.0000 | size=0.008250 | notional=330.00 | commission=0.3300 USDT
2026-03-29 17:53:43,178 [TEST] INFO Initialised | balance=3300.00 USDT | symbols=['BTC/USDT', 'SOL/USDT'] | restored=False
2026-03-29 17:53:43,178 [TEST] INFO OPEN LONG BTC/USDT | price=40000.0000 | size=0.008250 | notional=330.00 | commission=0.3300 USDT
2026-03-29 17:53:43,179 [TEST] DEBUG Already in a position for BTC/USDT — skipping.
2026-03-29 17:53:43,180 [TEST] INFO Initialised | balance=3300.00 USDT | symbols=['BTC/USDT', 'SOL/USDT'] | restored=False
2026-03-29 17:53:43,180 [TEST] INFO OPEN LONG BTC/USDT | price=40000.0000 | size=0.008250 | notional=330.00 | commission=0.3300 USDT
2026-03-29 17:53:43,182 [TEST] INFO CLOSE BTC/USDT | entry=40000.0000 exit=44000.0000 | gross=33.0000 comm=0.3630 net=32.6370 | reason=signal
2026-03-29 17:53:43,183 [TEST] INFO Initialised | balance=3300.00 USDT | symbols=['BTC/USDT', 'SOL/USDT'] | restored=False
2026-03-29 17:53:43,184 [TEST] INFO Initialised | balance=3300.00 USDT | symbols=['BTC/USDT', 'SOL/USDT'] | restored=False
2026-03-29 17:53:43,184 [TEST] WARNING Daily loss limit hit (6.00%) — bot paused for today.
2026-03-29 17:53:43,187 [TEST] INFO Initialised | balance=3300.00 USDT | symbols=['BTC/USDT', 'SOL/USDT'] | restored=False
2026-03-29 17:53:43,187 [TEST] WARNING Daily loss limit hit (10.00%) — bot paused for today.
2026-03-29 17:53:43,187 [TEST] INFO New trading day — daily counters reset.
2026-03-29 17:53:43,188 [TEST] INFO Initialised | balance=3300.00 USDT | symbols=['BTC/USDT', 'SOL/USDT'] | restored=False
2026-03-29 17:53:43,188 [TEST] INFO OPEN LONG COIN0/USDT | price=40000.0000 | size=0.008250 | notional=330.00 | commission=0.3300 USDT
2026-03-29 17:53:43,189 [TEST] INFO OPEN LONG COIN1/USDT | price=40000.0000 | size=0.008249 | notional=329.97 | commission=0.3300 USDT
2026-03-29 17:53:43,189 [TEST] INFO OPEN LONG COIN2/USDT | price=40000.0000 | size=0.008248 | notional=329.93 | commission=0.3299 USDT
2026-03-29 17:53:43,190 [TEST] INFO OPEN LONG COIN3/USDT | price=40000.0000 | size=0.008248 | notional=329.90 | commission=0.3299 USDT
2026-03-29 17:53:43,193 [TEST] INFO OPEN LONG COIN4/USDT | price=40000.0000 | size=0.008247 | notional=329.87 | commission=0.3299 USDT
2026-03-29 17:53:43,193 [TEST] INFO Daily trade limit (5) reached — skipping COIN5/USDT.
2026-03-29 17:53:43,193 [TEST] INFO Daily trade limit (5) reached — skipping COIN6/USDT.
2026-03-29 17:53:43,195 [TEST] INFO Initialised | balance=3300.00 USDT | symbols=['BTC/USDT', 'SOL/USDT'] | restored=False
2026-03-29 17:53:43,195 [TEST] INFO OPEN LONG BTC/USDT | price=40000.0000 | size=0.008250 | notional=330.00 | commission=0.3300 USDT
2026-03-29 17:53:43,196 [TEST] INFO Initialised | balance=3300.00 USDT | symbols=['BTC/USDT', 'SOL/USDT'] | restored=False
2026-03-29 17:53:43,197 [TEST] INFO OPEN LONG BTC/USDT | price=40000.0000 | size=0.008250 | notional=330.00 | commission=0.3300 USDT
2026-03-29 17:53:43,198 [TEST] INFO Initialised | balance=3300.00 USDT | symbols=['BTC/USDT', 'SOL/USDT'] | restored=False
2026-03-29 17:53:43,198 [TEST] INFO OPEN LONG BTC/USDT | price=40000.0000 | size=0.008250 | notional=330.00 | commission=0.3300 USDT
2026-03-29 17:53:43,200 [TEST] INFO CLOSE BTC/USDT | entry=40000.0000 exit=39360.0000 | gross=-5.2800 comm=0.3247 net=-5.6047 | reason=stop_loss
2026-03-29 17:53:43,201 [TEST] INFO Initialised | balance=3300.00 USDT | symbols=['BTC/USDT', 'SOL/USDT'] | restored=False
2026-03-29 17:53:43,201 [TEST] INFO OPEN LONG BTC/USDT | price=40000.0000 | size=0.008250 | notional=330.00 | commission=0.3300 USDT
2026-03-29 17:53:43,202 [TEST] INFO CLOSE BTC/USDT | entry=40000.0000 exit=41240.0000 | gross=10.2300 comm=0.3402 net=9.8898 | reason=take_profit
2026-03-29 17:53:43,203 [TEST] INFO Initialised | balance=3300.00 USDT | symbols=['BTC/USDT', 'SOL/USDT'] | restored=False
2026-03-29 17:53:43,204 [TEST] INFO OPEN LONG COIN0/USDT | price=100.0000 | size=100.000000 | notional=10000.00 | commission=10.0000 USDT
2026-03-29 17:53:43,204 [TEST] INFO OPEN LONG COIN1/USDT | price=100.0000 | size=99.990000 | notional=9999.00 | commission=9.9990 USDT
2026-03-29 17:53:43,205 [TEST] INFO OPEN LONG COIN2/USDT | price=100.0000 | size=99.980001 | notional=9998.00 | commission=9.9980 USDT
2026-03-29 17:53:43,205 [TEST] INFO OPEN LONG COIN3/USDT | price=100.0000 | size=99.970003 | notional=9997.00 | commission=9.9970 USDT
2026-03-29 17:53:43,205 [TEST] INFO OPEN LONG COIN4/USDT | price=100.0000 | size=99.950006 | notional=9995.00 | commission=9.9950 USDT
2026-03-29 17:53:43,206 [TEST] INFO Daily trade limit (5) reached — skipping COIN5/USDT.
2026-03-29 17:53:43,206 [TEST] INFO Daily trade limit (5) reached — skipping COIN6/USDT.
2026-03-29 17:53:43,206 [TEST] INFO Daily trade limit (5) reached — skipping COIN7/USDT.
2026-03-29 17:53:43,207 [TEST] INFO Daily trade limit (5) reached — skipping COIN8/USDT.
2026-03-29 17:53:43,207 [TEST] INFO Daily trade limit (5) reached — skipping COIN9/USDT.
2026-03-29 17:53:43,208 [TEST] INFO Daily trade limit (5) reached — skipping COIN10/USDT.
2026-03-29 17:53:43,208 [TEST] INFO Daily trade limit (5) reached — skipping COIN11/USDT.
2026-03-29 17:53:43,209 [TEST] INFO Daily trade limit (5) reached — skipping COIN12/USDT.
2026-03-29 17:53:43,209 [TEST] INFO Daily trade limit (5) reached — skipping COIN14/USDT.
2026-03-29 17:53:43,209 [TEST] INFO CLOSE COIN0/USDT | entry=100.0000 exit=100.0000 | gross=0.0000 comm=10.0000 net=-10.0000 | reason=signal
2026-03-29 17:53:43,209 [TEST] INFO Daily trade limit (5) reached — skipping COIN15/USDT.
2026-03-29 17:53:43,210 [TEST] INFO Daily trade limit (5) reached — skipping COIN16/USDT.
2026-03-29 17:53:43,210 [TEST] INFO CLOSE COIN4/USDT | entry=100.0000 exit=100.0000 | gross=0.0000 comm=9.9950 net=-9.9950 | reason=signal
2026-03-29 17:53:43,211 [TEST] INFO Daily trade limit (5) reached — skipping COIN13/USDT.
2026-03-29 17:53:43,211 [TEST] INFO Daily trade limit (5) reached — skipping COIN18/USDT.
2026-03-29 17:53:43,211 [TEST] INFO Daily trade limit (5) reached — skipping COIN19/USDT.
2026-03-29 17:53:43,212 [TEST] INFO Daily trade limit (5) reached — skipping COIN17/USDT.
2026-03-29 17:53:43,212 [TEST] INFO CLOSE COIN1/USDT | entry=100.0000 exit=100.0000 | gross=0.0000 comm=9.9990 net=-9.9990 | reason=signal
2026-03-29 17:53:43,212 [TEST] INFO CLOSE COIN2/USDT | entry=100.0000 exit=100.0000 | gross=0.0000 comm=9.9980 net=-9.9980 | reason=signal
2026-03-29 17:53:43,212 [TEST] INFO CLOSE COIN3/USDT | entry=100.0000 exit=100.0000 | gross=0.0000 comm=9.9970 net=-9.9970 | reason=signal
2026-03-29 17:54:17,254 [TEST] INFO Initialised | balance=3300.00 USDT | symbols=['BTC/USDT', 'SOL/USDT'] | restored=False
2026-03-29 17:54:17,256 [TEST] INFO Initialised | balance=3300.00 USDT | symbols=['BTC/USDT', 'SOL/USDT'] | restored=False
2026-03-29 17:54:17,256 [TEST] INFO OPEN LONG BTC/USDT | price=40000.0000 | size=0.008250 | notional=330.00 | commission=0.3300 USDT
2026-03-29 17:54:17,258 [TEST] INFO CLOSE BTC/USDT | entry=40000.0000 exit=40000.0000 | gross=0.0000 comm=0.3300 net=-0.3300 | reason=test
2026-03-29 17:54:17,259 [TEST] INFO Initialised | balance=3300.00 USDT | symbols=['BTC/USDT', 'SOL/USDT'] | restored=False
2026-03-29 17:54:17,259 [TEST] INFO OPEN LONG BTC/USDT | price=40000.0000 | size=0.008250 | notional=330.00 | commission=0.3300 USDT
2026-03-29 17:54:17,260 [TEST] INFO CLOSE BTC/USDT | entry=40000.0000 exit=40000.0000 | gross=0.0000 comm=0.3300 net=-0.3300 | reason=signal
2026-03-29 17:54:17,262 [TEST] INFO Initialised | balance=3300.00 USDT | symbols=['BTC/USDT', 'SOL/USDT'] | restored=False
2026-03-29 17:54:17,262 [TEST] INFO OPEN LONG BTC/USDT | price=40000.0000 | size=0.008250 | notional=330.00 | commission=0.3300 USDT
2026-03-29 17:54:17,263 [TEST] INFO CLOSE BTC/USDT | entry=40000.0000 exit=36000.0000 | gross=-33.0000 comm=0.2970 net=-33.2970 | reason=signal
2026-03-29 17:54:17,264 [TEST] INFO Initialised | balance=3300.00 USDT | symbols=['BTC/USDT', 'SOL/USDT'] | restored=False
2026-03-29 17:54:17,264 [TEST] INFO OPEN LONG BTC/USDT | price=40000.0000 | size=0.008250 | notional=330.00 | commission=0.3300 USDT
2026-03-29 17:54:17,265 [TEST] INFO CLOSE BTC/USDT | entry=40000.0000 exit=42000.0000 | gross=16.5000 comm=0.3465 net=16.1535 | reason=signal
2026-03-29 17:54:17,266 [TEST] INFO Initialised | balance=3300.00 USDT | symbols=['BTC/USDT', 'SOL/USDT'] | restored=False
2026-03-29 17:54:17,267 [TEST] INFO OPEN LONG BTC/USDT | price=40000.0000 | size=0.008250 | notional=330.00 | commission=0.3300 USDT
2026-03-29 17:54:17,268 [TEST] INFO Initialised | balance=3300.00 USDT | symbols=['BTC/USDT', 'SOL/USDT'] | restored=False
2026-03-29 17:54:17,268 [TEST] INFO OPEN LONG BTC/USDT | price=40000.0000 | size=0.008250 | notional=330.00 | commission=0.3300 USDT
2026-03-29 17:54:17,269 [TEST] INFO Initialised | balance=3300.00 USDT | symbols=['BTC/USDT', 'SOL/USDT'] | restored=False
2026-03-29 17:54:17,270 [TEST] INFO OPEN LONG BTC/USDT | price=40000.0000 | size=0.008250 | notional=330.00 | commission=0.3300 USDT
2026-03-29 17:54:17,270 [TEST] DEBUG Already in a position for BTC/USDT — skipping.
2026-03-29 17:54:17,273 [TEST] INFO Initialised | balance=3300.00 USDT | symbols=['BTC/USDT', 'SOL/USDT'] | restored=False
2026-03-29 17:54:17,273 [TEST] INFO OPEN LONG BTC/USDT | price=40000.0000 | size=0.008250 | notional=330.00 | commission=0.3300 USDT
2026-03-29 17:54:17,274 [TEST] INFO CLOSE BTC/USDT | entry=40000.0000 exit=44000.0000 | gross=33.0000 comm=0.3630 net=32.6370 | reason=signal
2026-03-29 17:54:17,275 [TEST] INFO Initialised | balance=3300.00 USDT | symbols=['BTC/USDT', 'SOL/USDT'] | restored=False
2026-03-29 17:54:17,276 [TEST] INFO Initialised | balance=3300.00 USDT | symbols=['BTC/USDT', 'SOL/USDT'] | restored=False
2026-03-29 17:54:17,276 [TEST] WARNING Daily loss limit hit (6.00%) — bot paused for today.
2026-03-29 17:54:17,278 [TEST] INFO Initialised | balance=3300.00 USDT | symbols=['BTC/USDT', 'SOL/USDT'] | restored=False
2026-03-29 17:54:17,278 [TEST] WARNING Daily loss limit hit (10.00%) — bot paused for today.
2026-03-29 17:54:17,278 [TEST] INFO New trading day — daily counters reset.
2026-03-29 17:54:17,279 [TEST] INFO Initialised | balance=3300.00 USDT | symbols=['BTC/USDT', 'SOL/USDT'] | restored=False
2026-03-29 17:54:17,279 [TEST] INFO OPEN LONG COIN0/USDT | price=40000.0000 | size=0.008250 | notional=330.00 | commission=0.3300 USDT
2026-03-29 17:54:17,280 [TEST] INFO OPEN LONG COIN1/USDT | price=40000.0000 | size=0.008249 | notional=329.97 | commission=0.3300 USDT
2026-03-29 17:54:17,281 [TEST] INFO OPEN LONG COIN2/USDT | price=40000.0000 | size=0.008248 | notional=329.93 | commission=0.3299 USDT
2026-03-29 17:54:17,281 [TEST] INFO OPEN LONG COIN3/USDT | price=40000.0000 | size=0.008248 | notional=329.90 | commission=0.3299 USDT
2026-03-29 17:54:17,284 [TEST] INFO OPEN LONG COIN4/USDT | price=40000.0000 | size=0.008247 | notional=329.87 | commission=0.3299 USDT
2026-03-29 17:54:17,284 [TEST] INFO Daily trade limit (5) reached — skipping COIN5/USDT.
2026-03-29 17:54:17,285 [TEST] INFO Daily trade limit (5) reached — skipping COIN6/USDT.
2026-03-29 17:54:17,286 [TEST] INFO Initialised | balance=3300.00 USDT | symbols=['BTC/USDT', 'SOL/USDT'] | restored=False
2026-03-29 17:54:17,286 [TEST] INFO OPEN LONG BTC/USDT | price=40000.0000 | size=0.008250 | notional=330.00 | commission=0.3300 USDT
2026-03-29 17:54:17,288 [TEST] INFO Initialised | balance=3300.00 USDT | symbols=['BTC/USDT', 'SOL/USDT'] | restored=False
2026-03-29 17:54:17,288 [TEST] INFO OPEN LONG BTC/USDT | price=40000.0000 | size=0.008250 | notional=330.00 | commission=0.3300 USDT
2026-03-29 17:54:17,289 [TEST] INFO Initialised | balance=3300.00 USDT | symbols=['BTC/USDT', 'SOL/USDT'] | restored=False
2026-03-29 17:54:17,289 [TEST] INFO OPEN LONG BTC/USDT | price=40000.0000 | size=0.008250 | notional=330.00 | commission=0.3300 USDT
2026-03-29 17:54:17,291 [TEST] INFO CLOSE BTC/USDT | entry=40000.0000 exit=39360.0000 | gross=-5.2800 comm=0.3247 net=-5.6047 | reason=stop_loss
2026-03-29 17:54:17,292 [TEST] INFO Initialised | balance=3300.00 USDT | symbols=['BTC/USDT', 'SOL/USDT'] | restored=False
2026-03-29 17:54:17,292 [TEST] INFO OPEN LONG BTC/USDT | price=40000.0000 | size=0.008250 | notional=330.00 | commission=0.3300 USDT
2026-03-29 17:54:17,293 [TEST] INFO CLOSE BTC/USDT | entry=40000.0000 exit=41240.0000 | gross=10.2300 comm=0.3402 net=9.8898 | reason=take_profit
2026-03-29 17:54:17,295 [TEST] INFO Initialised | balance=3300.00 USDT | symbols=['BTC/USDT', 'SOL/USDT'] | restored=False
2026-03-29 17:54:17,295 [TEST] INFO OPEN LONG COIN0/USDT | price=100.0000 | size=100.000000 | notional=10000.00 | commission=10.0000 USDT
2026-03-29 17:54:17,295 [TEST] INFO OPEN LONG COIN1/USDT | price=100.0000 | size=99.990000 | notional=9999.00 | commission=9.9990 USDT
2026-03-29 17:54:17,295 [TEST] INFO OPEN LONG COIN2/USDT | price=100.0000 | size=99.980001 | notional=9998.00 | commission=9.9980 USDT
2026-03-29 17:54:17,296 [TEST] INFO OPEN LONG COIN3/USDT | price=100.0000 | size=99.970003 | notional=9997.00 | commission=9.9970 USDT
2026-03-29 17:54:17,296 [TEST] INFO OPEN LONG COIN4/USDT | price=100.0000 | size=99.950006 | notional=9995.00 | commission=9.9950 USDT
2026-03-29 17:54:17,297 [TEST] INFO Daily trade limit (5) reached — skipping COIN5/USDT.
2026-03-29 17:54:17,297 [TEST] INFO Daily trade limit (5) reached — skipping COIN7/USDT.
2026-03-29 17:54:17,298 [TEST] INFO Daily trade limit (5) reached — skipping COIN8/USDT.
2026-03-29 17:54:17,298 [TEST] INFO Daily trade limit (5) reached — skipping COIN10/USDT.
2026-03-29 17:54:17,299 [TEST] INFO Daily trade limit (5) reached — skipping COIN6/USDT.
2026-03-29 17:54:17,299 [TEST] INFO Daily trade limit (5) reached — skipping COIN11/USDT.
2026-03-29 17:54:17,299 [TEST] INFO Daily trade limit (5) reached — skipping COIN9/USDT.
2026-03-29 17:54:17,299 [TEST] INFO Daily trade limit (5) reached — skipping COIN12/USDT.
2026-03-29 17:54:17,300 [TEST] INFO Daily trade limit (5) reached — skipping COIN13/USDT.
2026-03-29 17:54:17,300 [TEST] INFO CLOSE COIN0/USDT | entry=100.0000 exit=100.0000 | gross=0.0000 comm=10.0000 net=-10.0000 | reason=signal
2026-03-29 17:54:17,300 [TEST] INFO Daily trade limit (5) reached — skipping COIN14/USDT.
2026-03-29 17:54:17,301 [TEST] INFO CLOSE COIN1/USDT | entry=100.0000 exit=100.0000 | gross=0.0000 comm=9.9990 net=-9.9990 | reason=signal
2026-03-29 17:54:17,301 [TEST] INFO Daily trade limit (5) reached — skipping COIN15/USDT.
2026-03-29 17:54:17,301 [TEST] INFO Daily trade limit (5) reached — skipping COIN17/USDT.
2026-03-29 17:54:17,302 [TEST] INFO Daily trade limit (5) reached — skipping COIN16/USDT.
2026-03-29 17:54:17,302 [TEST] INFO CLOSE COIN4/USDT | entry=100.0000 exit=100.0000 | gross=0.0000 comm=9.9950 net=-9.9950 | reason=signal
2026-03-29 17:54:17,302 [TEST] INFO Daily trade limit (5) reached — skipping COIN19/USDT.
2026-03-29 17:54:17,303 [TEST] INFO CLOSE COIN2/USDT | entry=100.0000 exit=100.0000 | gross=0.0000 comm=9.9980 net=-9.9980 | reason=signal
2026-03-29 17:54:17,303 [TEST] INFO CLOSE COIN3/USDT | entry=100.0000 exit=100.0000 | gross=0.0000 comm=9.9970 net=-9.9970 | reason=signal
2026-03-29 17:54:17,303 [TEST] INFO Daily trade limit (5) reached — skipping COIN18/USDT.
2026-03-29 17:54:28,511 [MACD] INFO Initialised | balance=3300.00 USDT | symbols=['BTC/USDT', 'SOL/USDT'] | restored=False
2026-03-29 17:54:42,301 [RSI_VWAP] INFO Initialised | balance=3300.00 USDT | symbols=['BTC/USDT', 'SOL/USDT'] | restored=False
2026-03-29 17:54:49,150 [CVD] INFO Initialised | balance=3400.00 USDT | symbols=['BTC/USDT', 'SOL/USDT'] | restored=False
2026-03-29 17:55:53,790 [MACD] INFO Initialised | balance=3300.00 USDT | symbols=['BTC/USDT', 'SOL/USDT'] | restored=False
2026-03-29 17:56:08,608 [RSI_VWAP] INFO Initialised | balance=3300.00 USDT | symbols=['BTC/USDT', 'SOL/USDT'] | restored=False
2026-03-29 17:56:17,999 [CVD] INFO Initialised | balance=3400.00 USDT | symbols=['BTC/USDT', 'SOL/USDT'] | restored=False
2026-03-29 18:10:56,881 [RSI_VWAP] INFO Initialised | balance=3300.00 USDT | symbols=['BTC/USDT', 'SOL/USDT'] | restored=False
2026-03-29 18:12:22,265 [RSI_VWAP] INFO Initialised | balance=3300.00 USDT | symbols=['BTC/USDT', 'SOL/USDT'] | restored=False
2026-03-29 18:18:39,527 [RSI_VWAP] INFO Initialised | balance=3300.00 USDT | symbols=['BTC/USDT', 'SOL/USDT'] | restored=False
2026-03-29 18:18:48,612 [RSI_VWAP] INFO Initialised | balance=3300.00 USDT | symbols=['BTC/USDT', 'SOL/USDT'] | restored=False
2026-03-29 18:26:51,843 [RSI_VWAP] INFO Initialised | balance=3300.00 USDT | symbols=['BTC/USDT', 'SOL/USDT'] | restored=False
2026-03-29 18:26:58,748 [RSI_VWAP] INFO Initialised | balance=3300.00 USDT | symbols=['BTC/USDT', 'SOL/USDT'] | restored=False
2026-03-29 18:27:53,797 [RSI_VWAP] INFO Initialised | balance=3300.00 USDT | symbols=['BTC/USDT', 'SOL/USDT'] | restored=False
2026-03-29 18:28:01,898 [RSI_VWAP] INFO Initialised | balance=3300.00 USDT | symbols=['BTC/USDT', 'SOL/USDT'] | restored=False
2026-03-29 18:29:41,493 [CVD] INFO Initialised | balance=3400.00 USDT | symbols=['BTC/USDT', 'SOL/USDT'] | restored=False
2026-03-29 18:29:52,292 [CVD] INFO Initialised | balance=3400.00 USDT | symbols=['BTC/USDT', 'SOL/USDT'] | restored=False
2026-03-29 18:30:33,335 [CVD] INFO Initialised | balance=3400.00 USDT | symbols=['BTC/USDT', 'SOL/USDT'] | restored=False
2026-03-29 18:30:43,987 [CVD] INFO Initialised | balance=3400.00 USDT | symbols=['BTC/USDT', 'SOL/USDT'] | restored=False
2026-03-29 18:32:28,197 [CVD] INFO Initialised | balance=3400.00 USDT | symbols=['BTC/USDT', 'SOL/USDT'] | restored=False
2026-03-29 18:32:38,830 [CVD] INFO Initialised | balance=3400.00 USDT | symbols=['BTC/USDT', 'SOL/USDT'] | restored=False
2026-03-29 18:40:43,160 [MACD] INFO Initialised | balance=3300.00 USDT | symbols=['BTC/USDT', 'SOL/USDT'] | restored=False
2026-03-29 18:40:58,022 [MACD] INFO Initialised | balance=3300.00 USDT | symbols=['BTC/USDT', 'SOL/USDT'] | restored=False
2026-03-29 18:42:30,412 [MACD] INFO Initialised | balance=3300.00 USDT | symbols=['BTC/USDT', 'SOL/USDT'] | restored=False
2026-03-29 18:42:47,808 [MACD] INFO Initialised | balance=3300.00 USDT | symbols=['BTC/USDT', 'SOL/USDT'] | restored=False
2026-03-29 18:44:06,590 [MACD] INFO Initialised | balance=3300.00 USDT | symbols=['BTC/USDT', 'SOL/USDT'] | restored=False
2026-03-29 18:44:23,462 [MACD] INFO Initialised | balance=3300.00 USDT | symbols=['BTC/USDT', 'SOL/USDT'] | restored=False
2026-03-29 18:45:00,689 [TEST] INFO Initialised | balance=3300.00 USDT | symbols=['BTC/USDT', 'SOL/USDT'] | restored=False
2026-03-29 18:45:00,690 [TEST] INFO Initialised | balance=3300.00 USDT | symbols=['BTC/USDT', 'SOL/USDT'] | restored=False
2026-03-29 18:45:00,690 [TEST] INFO OPEN LONG BTC/USDT | price=40000.0000 | size=0.008250 | notional=330.00 | commission=0.3300 USDT
2026-03-29 18:45:00,736 [TEST] INFO CLOSE BTC/USDT | entry=40000.0000 exit=40000.0000 | gross=0.0000 comm=0.3300 net=-0.3300 | reason=test
2026-03-29 18:45:00,738 [TEST] INFO Initialised | balance=3300.00 USDT | symbols=['BTC/USDT', 'SOL/USDT'] | restored=False
2026-03-29 18:45:00,738 [TEST] INFO OPEN LONG BTC/USDT | price=40000.0000 | size=0.008250 | notional=330.00 | commission=0.3300 USDT
2026-03-29 18:45:00,739 [TEST] INFO CLOSE BTC/USDT | entry=40000.0000 exit=40000.0000 | gross=0.0000 comm=0.3300 net=-0.3300 | reason=signal
2026-03-29 18:45:00,740 [TEST] INFO Initialised | balance=3300.00 USDT | symbols=['BTC/USDT', 'SOL/USDT'] | restored=False
2026-03-29 18:45:00,740 [TEST] INFO OPEN LONG BTC/USDT | price=40000.0000 | size=0.008250 | notional=330.00 | commission=0.3300 USDT
2026-03-29 18:45:00,741 [TEST] INFO CLOSE BTC/USDT | entry=40000.0000 exit=36000.0000 | gross=-33.0000 comm=0.2970 net=-33.2970 | reason=signal
2026-03-29 18:45:00,743 [TEST] INFO Initialised | balance=3300.00 USDT | symbols=['BTC/USDT', 'SOL/USDT'] | restored=False
2026-03-29 18:45:00,743 [TEST] INFO OPEN LONG BTC/USDT | price=40000.0000 | size=0.008250 | notional=330.00 | commission=0.3300 USDT
2026-03-29 18:45:00,745 [TEST] INFO CLOSE BTC/USDT | entry=40000.0000 exit=42000.0000 | gross=16.5000 comm=0.3465 net=16.1535 | reason=signal
2026-03-29 18:45:00,747 [TEST] INFO Initialised | balance=3300.00 USDT | symbols=['BTC/USDT', 'SOL/USDT'] | restored=False
2026-03-29 18:45:00,747 [TEST] INFO OPEN LONG BTC/USDT | price=40000.0000 | size=0.008250 | notional=330.00 | commission=0.3300 USDT
2026-03-29 18:45:00,748 [TEST] INFO Initialised | balance=3300.00 USDT | symbols=['BTC/USDT', 'SOL/USDT'] | restored=False
2026-03-29 18:45:00,749 [TEST] INFO OPEN LONG BTC/USDT | price=40000.0000 | size=0.008250 | notional=330.00 | commission=0.3300 USDT
2026-03-29 18:45:00,750 [TEST] INFO Initialised | balance=3300.00 USDT | symbols=['BTC/USDT', 'SOL/USDT'] | restored=False
2026-03-29 18:45:00,750 [TEST] INFO OPEN LONG BTC/USDT | price=40000.0000 | size=0.008250 | notional=330.00 | commission=0.3300 USDT
2026-03-29 18:45:00,751 [TEST] DEBUG Already in a position for BTC/USDT — skipping.
2026-03-29 18:45:00,752 [TEST] INFO Initialised | balance=3300.00 USDT | symbols=['BTC/USDT', 'SOL/USDT'] | restored=False
2026-03-29 18:45:00,752 [TEST] INFO OPEN LONG BTC/USDT | price=40000.0000 | size=0.008250 | notional=330.00 | commission=0.3300 USDT
2026-03-29 18:45:00,753 [TEST] INFO CLOSE BTC/USDT | entry=40000.0000 exit=44000.0000 | gross=33.0000 comm=0.3630 net=32.6370 | reason=signal
2026-03-29 18:45:00,755 [TEST] INFO Initialised | balance=3300.00 USDT | symbols=['BTC/USDT', 'SOL/USDT'] | restored=False
2026-03-29 18:45:00,756 [TEST] INFO Initialised | balance=3300.00 USDT | symbols=['BTC/USDT', 'SOL/USDT'] | restored=False
2026-03-29 18:45:00,756 [TEST] WARNING Daily loss limit hit (6.00%) — bot paused for today.
2026-03-29 18:45:00,759 [TEST] INFO Initialised | balance=3300.00 USDT | symbols=['BTC/USDT', 'SOL/USDT'] | restored=False
2026-03-29 18:45:00,759 [TEST] WARNING Daily loss limit hit (10.00%) — bot paused for today.
2026-03-29 18:45:00,759 [TEST] INFO New trading day — daily counters reset.
2026-03-29 18:45:00,760 [TEST] INFO Initialised | balance=3300.00 USDT | symbols=['BTC/USDT', 'SOL/USDT'] | restored=False
2026-03-29 18:45:00,760 [TEST] INFO OPEN LONG COIN0/USDT | price=40000.0000 | size=0.008250 | notional=330.00 | commission=0.3300 USDT
2026-03-29 18:45:00,761 [TEST] INFO OPEN LONG COIN1/USDT | price=40000.0000 | size=0.008249 | notional=329.97 | commission=0.3300 USDT
2026-03-29 18:45:00,761 [TEST] INFO OPEN LONG COIN2/USDT | price=40000.0000 | size=0.008248 | notional=329.93 | commission=0.3299 USDT
2026-03-29 18:45:00,762 [TEST] INFO OPEN LONG COIN3/USDT | price=40000.0000 | size=0.008248 | notional=329.90 | commission=0.3299 USDT
2026-03-29 18:45:00,763 [TEST] INFO OPEN LONG COIN4/USDT | price=40000.0000 | size=0.008247 | notional=329.87 | commission=0.3299 USDT
2026-03-29 18:45:00,763 [TEST] INFO Daily trade limit (5) reached — skipping COIN5/USDT.
2026-03-29 18:45:00,763 [TEST] INFO Daily trade limit (5) reached — skipping COIN6/USDT.
2026-03-29 18:45:00,765 [TEST] INFO Initialised | balance=3300.00 USDT | symbols=['BTC/USDT', 'SOL/USDT'] | restored=False
2026-03-29 18:45:00,765 [TEST] INFO OPEN LONG BTC/USDT | price=40000.0000 | size=0.008250 | notional=330.00 | commission=0.3300 USDT
2026-03-29 18:45:00,767 [TEST] INFO Initialised | balance=3300.00 USDT | symbols=['BTC/USDT', 'SOL/USDT'] | restored=False
2026-03-29 18:45:00,767 [TEST] INFO OPEN LONG BTC/USDT | price=40000.0000 | size=0.008250 | notional=330.00 | commission=0.3300 USDT
2026-03-29 18:45:00,768 [TEST] INFO Initialised | balance=3300.00 USDT | symbols=['BTC/USDT', 'SOL/USDT'] | restored=False
2026-03-29 18:45:00,769 [TEST] INFO OPEN LONG BTC/USDT | price=40000.0000 | size=0.008250 | notional=330.00 | commission=0.3300 USDT
2026-03-29 18:45:00,770 [TEST] INFO CLOSE BTC/USDT | entry=40000.0000 exit=39360.0000 | gross=-5.2800 comm=0.3247 net=-5.6047 | reason=stop_loss
2026-03-29 18:45:00,771 [TEST] INFO Initialised | balance=3300.00 USDT | symbols=['BTC/USDT', 'SOL/USDT'] | restored=False
2026-03-29 18:45:00,771 [TEST] INFO OPEN LONG BTC/USDT | price=40000.0000 | size=0.008250 | notional=330.00 | commission=0.3300 USDT
2026-03-29 18:45:00,772 [TEST] INFO CLOSE BTC/USDT | entry=40000.0000 exit=41240.0000 | gross=10.2300 comm=0.3402 net=9.8898 | reason=take_profit
2026-03-29 18:45:00,774 [TEST] INFO Initialised | balance=3300.00 USDT | symbols=['BTC/USDT', 'SOL/USDT'] | restored=False
2026-03-29 18:45:00,774 [TEST] INFO OPEN LONG COIN0/USDT | price=100.0000 | size=100.000000 | notional=10000.00 | commission=10.0000 USDT
2026-03-29 18:45:00,775 [TEST] INFO OPEN LONG COIN1/USDT | price=100.0000 | size=99.990000 | notional=9999.00 | commission=9.9990 USDT
2026-03-29 18:45:00,775 [TEST] INFO OPEN LONG COIN2/USDT | price=100.0000 | size=99.980001 | notional=9998.00 | commission=9.9980 USDT
2026-03-29 18:45:00,775 [TEST] INFO OPEN LONG COIN3/USDT | price=100.0000 | size=99.970003 | notional=9997.00 | commission=9.9970 USDT
2026-03-29 18:45:00,775 [TEST] INFO OPEN LONG COIN4/USDT | price=100.0000 | size=99.960006 | notional=9996.00 | commission=9.9960 USDT
2026-03-29 18:45:00,776 [TEST] INFO Daily trade limit (5) reached — skipping COIN5/USDT.
2026-03-29 18:45:00,776 [TEST] INFO Daily trade limit (5) reached — skipping COIN6/USDT.
2026-03-29 18:45:00,777 [TEST] INFO Daily trade limit (5) reached — skipping COIN7/USDT.
2026-03-29 18:45:00,777 [TEST] INFO Daily trade limit (5) reached — skipping COIN9/USDT.
2026-03-29 18:45:00,778 [TEST] INFO Daily trade limit (5) reached — skipping COIN8/USDT.
2026-03-29 18:45:00,778 [TEST] INFO Daily trade limit (5) reached — skipping COIN10/USDT.
2026-03-29 18:45:00,779 [TEST] INFO Daily trade limit (5) reached — skipping COIN16/USDT.
2026-03-29 18:45:00,779 [TEST] INFO Daily trade limit (5) reached — skipping COIN11/USDT.
2026-03-29 18:45:00,780 [TEST] INFO CLOSE COIN2/USDT | entry=100.0000 exit=100.0000 | gross=0.0000 comm=9.9980 net=-9.9980 | reason=signal
2026-03-29 18:45:00,780 [TEST] INFO Daily trade limit (5) reached — skipping COIN12/USDT.
2026-03-29 18:45:00,781 [TEST] INFO Daily trade limit (5) reached — skipping COIN14/USDT.
2026-03-29 18:45:00,781 [TEST] INFO CLOSE COIN0/USDT | entry=100.0000 exit=100.0000 | gross=0.0000 comm=10.0000 net=-10.0000 | reason=signal
2026-03-29 18:45:00,781 [TEST] INFO CLOSE COIN4/USDT | entry=100.0000 exit=100.0000 | gross=0.0000 comm=9.9960 net=-9.9960 | reason=signal
2026-03-29 18:45:00,781 [TEST] INFO Daily trade limit (5) reached — skipping COIN13/USDT.
2026-03-29 18:45:00,781 [TEST] INFO CLOSE COIN3/USDT | entry=100.0000 exit=100.0000 | gross=0.0000 comm=9.9970 net=-9.9970 | reason=signal
2026-03-29 18:45:00,782 [TEST] INFO Daily trade limit (5) reached — skipping COIN17/USDT.
2026-03-29 18:45:00,782 [TEST] INFO Daily trade limit (5) reached — skipping COIN18/USDT.
2026-03-29 18:45:00,782 [TEST] INFO Daily trade limit (5) reached — skipping COIN15/USDT.
2026-03-29 18:45:00,782 [TEST] INFO Daily trade limit (5) reached — skipping COIN19/USDT.
2026-03-29 18:45:00,782 [TEST] INFO CLOSE COIN1/USDT | entry=100.0000 exit=100.0000 | gross=0.0000 comm=9.9990 net=-9.9990 | reason=signal
2026-04-06 11:14:22,512 [MACD] INFO Initialised | balance=3300.00 USDT | symbols=['BTC/USDT', 'SOL/USDT'] | restored=False
2026-04-06 11:24:46,114 [MACD] INFO Initialised | balance=3300.00 USDT | symbols=['BTC/USDT', 'SOL/USDT'] | restored=False
2026-04-06 12:32:22,298 [MACD] INFO Initialised | balance=3300.00 USDT | symbols=['BTC/USDT', 'SOL/USDT'] | restored=False
2026-04-06 12:57:50,776 [MACD] INFO Initialised | balance=3300.00 USDT | symbols=['BTC/USDT', 'SOL/USDT'] | restored=False
2026-04-06 13:04:54,397 [MACD] INFO Initialised | balance=3300.00 USDT | symbols=['BTC/USDT', 'SOL/USDT'] | restored=False
2026-04-06 14:14:46,403 [MACD] INFO Initialised | balance=3300.00 USDT | symbols=['BTC/USDT', 'SOL/USDT'] | restored=False
2026-04-06 18:01:40,515 [MACD] INFO Initialised | balance=3300.00 USDT | symbols=['BTC/USDT', 'SOL/USDT'] | restored=False
2026-04-07 17:34:23,394 [MACD] INFO Initialised | balance=3300.00 USDT | symbols=['BTC/USDT', 'SOL/USDT'] | restored=False
2026-04-07 17:34:39,884 [MACD] INFO Initialised | balance=3300.00 USDT | symbols=['BTC/USDT', 'SOL/USDT'] | restored=False
2026-04-07 17:34:56,522 [MACD] INFO Initialised | balance=3300.00 USDT | symbols=['BTC/USDT', 'SOL/USDT'] | restored=False
2026-04-07 17:35:13,371 [MACD] INFO Initialised | balance=3300.00 USDT | symbols=['BTC/USDT', 'SOL/USDT'] | restored=False
2026-04-07 17:39:23,493 [MACD] INFO Initialised | balance=3300.00 USDT | symbols=['BTC/USDT', 'SOL/USDT'] | restored=False
2026-04-07 17:39:40,441 [MACD] INFO Initialised | balance=3300.00 USDT | symbols=['BTC/USDT', 'SOL/USDT'] | restored=False
2026-04-07 17:39:57,444 [MACD] INFO Initialised | balance=3300.00 USDT | symbols=['BTC/USDT', 'SOL/USDT'] | restored=False
2026-04-07 17:40:14,671 [MACD] INFO Initialised | balance=3300.00 USDT | symbols=['BTC/USDT', 'SOL/USDT'] | restored=False
2026-04-07 17:48:09,416 [MACD] INFO Initialised | balance=3300.00 USDT | symbols=['BTC/USDT', 'SOL/USDT'] | restored=False
2026-04-07 17:48:26,132 [MACD] INFO Initialised | balance=3300.00 USDT | symbols=['BTC/USDT', 'SOL/USDT'] | restored=False
2026-04-07 17:49:54,816 [MACD] INFO Initialised | balance=3300.00 USDT | symbols=['BTC/USDT', 'SOL/USDT'] | restored=False
2026-04-07 17:51:20,509 [MACD] INFO Initialised | balance=3300.00 USDT | symbols=['BTC/USDT', 'SOL/USDT'] | restored=False
2026-04-07 17:52:31,917 [MACD] INFO Initialised | balance=3300.00 USDT | symbols=['BTC/USDT', 'SOL/USDT'] | restored=False
2026-04-07 17:53:30,449 [MACD] INFO Initialised | balance=3300.00 USDT | symbols=['BTC/USDT', 'SOL/USDT'] | restored=False
2026-04-07 18:03:00,942 [MACD] INFO Initialised | balance=3300.00 USDT | symbols=['BTC/USDT', 'SOL/USDT'] | restored=False
2026-04-07 19:00:00,448 [MACD] INFO Initialised | balance=3300.00 USDT | symbols=['BTC/USDT', 'SOL/USDT'] | restored=False
2026-04-15 21:37:47,761 [MACD] INFO Initialised | balance=3300.00 USDT | symbols=['BTC/USDT', 'SOL/USDT'] | restored=False
